1*****************************************************************************
 *                                                                           *
 *       DATE  2/26/21               LOG OF 95 INTEL LINUX NASTRAN JOB       *
 *                                                                           *
 *****************************************************************************

   WALL               TOTAL       INCREMENTAL      MODULE              MODULE/
   CLOCK               CPU            CPU            CPU             SUBROUTINE
   TIME              SECONDS        SECONDS        SECONDS             STATUS

 ------------------------------------------------------------------------------

 17:41:17.748        -0.000          0.000                    SEM1  BEGN
 17:41:17.748        -0.000          0.000                    GNFI
 17:41:17.748        -0.000          0.000                    TTIO
 17:41:17.750        -0.000          0.000                    TTLP
 17:41:17.750        -0.000          0.000                    XCSA
 ID ACOUS, MSC                                                           
 17:41:17.751        -0.000          0.000                    IFP1
 TITLE = ACOUSTIC CAVITY                                                 
 17:41:17.751        -0.000          0.000                    XSOR
 17:41:17.754        -0.000          0.000                    IFP   BEGN
 17:41:17.754        -0.000          0.000                    IFP   END 
 17:41:17.754        -0.000          0.000                    IFP5  BEGN
 17:41:17.755        -0.000          0.000                    IFP5  END 
 17:41:17.755        -0.000          0.000                    XGPI
 17:41:17.755        -0.000          0.000                    BAND  IT  BEGN
 17:41:17.815         0.020          0.020                    BAND  IT  END 
 17:41:17.815         0.020          0.000                    SEM1  END 
 17:41:17.815         0.020          0.000                       4  PARAM     BEGN
 17:41:17.815         0.020          0.000          0.000        4  PARAM     END 
 17:41:17.815         0.020          0.000                    XSFA      BEGN
 17:41:17.815         0.020          0.000                    XSFA      END 
 17:41:17.815         0.020          0.000                       5  GP1       BEGN
 17:41:17.837         0.020          0.000          0.000        5  GP1       END 
 17:41:17.837         0.020          0.000                       6  ANISOP    BEGN
 17:41:17.837         0.020          0.000          0.000        6  ANISOP    END 
 17:41:17.837         0.020          0.000                       7  EQUIV     BEGN
 17:41:17.837         0.020          0.000          0.000        7  EQUIV     END 
 17:41:17.837         0.020          0.000                       8  PLTTRAN   BEGN
 17:41:17.837         0.020          0.000          0.000        8  PLTTRAN   END 
 17:41:17.837         0.020          0.000                       9  GP2       BEGN
 17:41:17.838         0.020          0.000          0.000        9  GP2       END 
 17:41:17.838         0.020          0.000                      10  PARAML    BEGN
 17:41:17.838         0.020          0.000          0.000       10  PARAML    END 
 17:41:17.838         0.020          0.000                      11  PURGE     BEGN
 17:41:17.838         0.020          0.000          0.000       11  PURGE     END 
 17:41:17.838         0.020          0.000                      12  COND      BEGN
 17:41:17.838         0.020          0.000          0.000       12  COND      END 
 17:41:17.838         0.020          0.000                      21  GP3       BEGN
 17:41:17.838         0.020          0.000          0.000       21  GP3       END 
 17:41:17.838         0.020          0.000                      22  TA1       BEGN
 17:41:17.838         0.020          0.000          0.000       22  TA1       END 
 17:41:17.838         0.020          0.000                      23  EQUIV     BEGN
 17:41:17.838         0.020          0.000          0.000       23  EQUIV     END 
 17:41:17.838         0.020          0.000                      24  COND      BEGN
 17:41:17.838         0.020          0.000          0.000       24  COND      END 
 17:41:17.838         0.020          0.000                      25  PARAM     BEGN
 17:41:17.838         0.020          0.000          0.000       25  PARAM     END 
 17:41:17.838         0.020          0.000                      26  PARAM     BEGN
 17:41:17.838         0.020          0.000          0.000       26  PARAM     END 
 17:41:17.838         0.020          0.000                      27  EMG       BEGN
 17:41:17.863         0.020          0.000          0.000       27  EMG       END 
 17:41:17.863         0.020          0.000                      28  PURGE     BEGN
 17:41:17.863         0.020          0.000          0.000       28  PURGE     END 
 17:41:17.863         0.020          0.000                      29  COND      BEGN
 17:41:17.863         0.020          0.000          0.000       29  COND      END 
 17:41:17.863         0.020          0.000                      30  EMA       BEGN
 17:41:17.863         0.020          0.000          0.000       30  EMA       END 
 17:41:17.863         0.020          0.000                      32  COND      BEGN
 17:41:17.863         0.020          0.000          0.000       32  COND      END 
 17:41:17.863         0.020          0.000                      33  EMA       BEGN
 17:41:17.864         0.020          0.000          0.000       33  EMA       END 
 17:41:17.864         0.020          0.000                      34  PURGE     BEGN
 17:41:17.864         0.020          0.000          0.000       34  PURGE     END 
 17:41:17.864         0.020          0.000                      35  COND      BEGN
 17:41:17.864         0.020          0.000          0.000       35  COND      END 
 17:41:17.864         0.020          0.000                      39  EQUIV     BEGN
 17:41:17.864         0.020          0.000          0.000       39  EQUIV     END 
 17:41:17.864         0.020          0.000                      40  COND      BEGN
 17:41:17.864         0.020          0.000          0.000       40  COND      END 
 17:41:17.864         0.020          0.000                      43  GPSTGEN   BEGN
 17:41:17.864         0.020          0.000          0.000       43  GPSTGEN   END 
 17:41:17.864         0.020          0.000                      44  PARAM     BEGN
 17:41:17.864         0.020          0.000          0.000       44  PARAM     END 
 17:41:17.864         0.020          0.000                    XSFA      BEGN
 17:41:17.864         0.020          0.000                    XSFA      END 
 17:41:17.864         0.020          0.000                      45  GP4       BEGN
 17:41:17.864         0.020          0.000          0.000       45  GP4       END 
 17:41:17.864         0.020          0.000                      46  OFP       BEGN
 17:41:17.864         0.020          0.000          0.000       46  OFP       END 
 17:41:17.864         0.020          0.000                      47  COND      BEGN
 17:41:17.864         0.020          0.000          0.000       47  COND      END 
 17:41:17.864         0.020          0.000                      48  PURGE     BEGN
 17:41:17.864         0.020          0.000          0.000       48  PURGE     END 
 17:41:17.864         0.020          0.000                      49  EQUIV     BEGN
 17:41:17.864         0.020          0.000          0.000       49  EQUIV     END 
 17:41:17.864         0.020          0.000                      50  COND      BEGN
 17:41:17.864         0.020          0.000          0.000       50  COND      END 
 17:41:17.864         0.020          0.000                      54  EQUIV     BEGN
 17:41:17.864         0.020          0.000          0.000       54  EQUIV     END 
 17:41:17.864         0.020          0.000                      55  COND      BEGN
 17:41:17.864         0.020          0.000          0.000       55  COND      END 
 17:41:17.864         0.020          0.000                      58  EQUIV     BEGN
 17:41:17.864         0.020          0.000          0.000       58  EQUIV     END 
 17:41:17.864         0.020          0.000                      59  EQUIV     BEGN
 17:41:17.864         0.020          0.000          0.000       59  EQUIV     END 
 17:41:17.864         0.020          0.000                      60  COND      BEGN
 17:41:17.864         0.020          0.000          0.000       60  COND      END 
 17:41:17.864         0.020          0.000                      64  COND      BEGN
 17:41:17.864         0.020          0.000          0.000       64  COND      END 
 17:41:17.864         0.020          0.000                      70  DPD       BEGN
 17:41:17.864         0.020          0.000          0.000       70  DPD       END 
 17:41:17.864         0.020          0.000                      71  COND      BEGN
 17:41:17.864         0.020          0.000          0.000       71  COND      END 
 17:41:17.864         0.020          0.000                      72  PARAM     BEGN
 17:41:17.864         0.020          0.000          0.000       72  PARAM     END 
 17:41:17.864         0.020          0.000                    XSFA      BEGN
 17:41:17.864         0.020          0.000                    XSFA      END 
 17:41:17.864         0.020          0.000                      73  READ      BEGN
 17:41:17.864         0.020          0.000                    GIVE  NS  BEGI  NS  
 17:41:17.864         0.020          0.000                    SMCO  MP  BEGN          
 17:41:17.864         0.020          0.000                    SMCO  MP  END           
 17:41:17.865         0.020          0.000                    TRAN  POSE
 17:41:17.866         0.020          0.000                    TRAN  POSE
 17:41:17.866         0.020          0.000                    MMA       BEGN
 17:41:17.866         0.020          0.000                    MMA3  1   BEGN
 17:41:17.866         0.020          0.000                    MMA3  1   END 
   METHOD USED = 31NT  ACTUAL NUMBER OF PASSES =   1
 17:41:17.866         0.020          0.000                    MMA       END 
 17:41:17.866         0.020          0.000                    MMA       BEGN
 17:41:17.866         0.020          0.000                    MMA3  2   BEGN
 17:41:17.867         0.020          0.000                    MMA3  2   END 
   METHOD USED = 32T   ACTUAL NUMBER OF PASSES =   1
 17:41:17.867         0.020          0.000                    MMA       END 
 17:41:17.867         0.020          0.000                    VALV  EC  BEGN
 17:41:17.867         0.020          0.000                    TRID  I   BEGN
 17:41:17.869         0.020          0.000                    TRID  I   END 
 17:41:17.869         0.020          0.000                    QRIT  ER  BEGN
 17:41:17.870         0.020          0.000                    QRIT  ER  END 
 17:41:17.870         0.020          0.000                    WILV  EC  BEGN
 17:41:17.871         0.020          0.000                    WILV  EC  END 
 17:41:17.871         0.020          0.000                    VALV  EC  END 
 17:41:17.871         0.020          0.000                    MMA       BEGN
 17:41:17.871         0.020          0.000                    MMA2  1   BEGN
 17:41:17.872         0.020          0.000                    MMA2  1   END 
   METHOD USED = 21NT  ACTUAL NUMBER OF PASSES =   1
 17:41:17.872         0.020          0.000                    MMA       END 
 17:41:17.872         0.020          0.000                    GIVE  NS  ENDS
 17:41:17.872         0.020          0.000                    MMA       BEGN
 17:41:17.872         0.020          0.000                    MMA2  1   BEGN
 17:41:17.872         0.020          0.000                    MMA2  1   END 
   METHOD USED = 21NT  ACTUAL NUMBER OF PASSES =   1
 17:41:17.872         0.020          0.000                    MMA       END 
 17:41:17.872         0.020          0.000                    MMA       BEGN
 17:41:17.872         0.020          0.000                    MMA1  0   BEGN
 17:41:17.873         0.020          0.000                    MMA1  0   END 
   METHOD USED = 10T   ACTUAL NUMBER OF PASSES =   1
 17:41:17.873         0.020          0.000                    MMA       END 
 17:41:17.873         0.020          0.000                    MMA       BEGN
 17:41:17.873         0.020          0.000                    MMA2  1   BEGN
 17:41:17.873         0.020          0.000                    MMA2  1   END 
   METHOD USED = 21NT  ACTUAL NUMBER OF PASSES =   1
 17:41:17.873         0.020          0.000                    MMA       END 
 17:41:17.873         0.020          0.000                    MMA       BEGN
 17:41:17.873         0.020          0.000                    MMA1  0   BEGN
 17:41:17.873         0.020          0.000                    MMA1  0   END 
   METHOD USED = 10T   ACTUAL NUMBER OF PASSES =   1
 17:41:17.873         0.020          0.000                    MMA       END 
 17:41:17.873         0.020          0.000          0.000       73  READ      END 
 17:41:17.873         0.020          0.000                      74  OFP       BEGN
 17:41:17.873         0.020          0.000          0.000       74  OFP       END 
 17:41:17.873         0.020          0.000                      75  COND      BEGN
 17:41:17.873         0.020          0.000          0.000       75  COND      END 
 17:41:17.873         0.020          0.000                      76  OFP       BEGN
 17:41:17.874         0.020          0.000          0.000       76  OFP       END 
 17:41:17.874         0.020          0.000                      77  SDR1      BEGN
 17:41:17.874         0.020          0.000          0.000       77  SDR1      END 
 17:41:17.874         0.020          0.000                      78  COND      BEGN
 17:41:17.874         0.020          0.000          0.000       78  COND      END 
 17:41:17.875         0.020          0.000                      82  SDR2      BEGN
 17:41:17.875         0.020          0.000          0.000       82  SDR2      END 
 17:41:17.875         0.020          0.000                      83  OFP       BEGN
 17:41:17.875         0.020          0.000          0.000       83  OFP       END 
 17:41:17.875         0.020          0.000                      84  SCAN      BEGN
 17:41:17.875         0.020          0.000          0.000       84  SCAN      END 
 17:41:17.875         0.020          0.000                      85  OFP       BEGN
 17:41:17.875         0.020          0.000          0.000       85  OFP       END 
 17:41:17.875         0.020          0.000                      86  GPFDR     BEGN
 17:41:17.875         0.020          0.000          0.000       86  GPFDR     END 
 17:41:17.875         0.020          0.000                      87  OFP       BEGN
 17:41:17.875         0.020          0.000          0.000       87  OFP       END 
 17:41:17.875         0.020          0.000                      88  PURGE     BEGN
 17:41:17.875         0.020          0.000          0.000       88  PURGE     END 
 17:41:17.875         0.020          0.000                      89  COND      BEGN
 17:41:17.875         0.020          0.000          0.000       89  COND      END 
 17:41:17.875         0.020          0.000                      93  JUMP      BEGN
 17:41:17.875         0.020          0.000          0.000       93  JUMP      END 
 17:41:17.875         0.020          0.000                     103  PURGE     BEGN
 17:41:17.875         0.020          0.000          0.000      103  PURGE     END 
 17:41:17.875         0.020          0.000                     104  EXIT      BEGN
1     STATISTICS ON IN-MEMORY DATA BASE AND DISK I/O USAGE

         LENGTH (IN WORDS) OF OPEN CORE ALLOCATED                  14000000
         LENGTH (IN WORDS) OF IN-MEMORY DATA BASE ALLOCATED       386000000
         NUMBER OF BLOCKS USED IN THE IN-MEMORY DATA BASE               162
         NUMBER OF BLOCKS ALLOCATED FOR THE IN-MEMORY DATA           375121
         PERCENTAGE OF IN-MEMORY DATA USED                                0%
         TOTAL BLOCKS WRITTEN TO DISK                              20000009
         BLOCK SIZE (IN WORDS)                                         1024
         NUMBER OF OPENS TO DISK FILES                                    6
         NUMBER OF CLOSES TO DISK FILES                                   6
         NUMBER OF WRITES TO DISK FILES                                  11
         NUMBER OF READS FROM DISK FILES                                 12
         MEMORY (IN WORDS) NOT USED BY IN-MEM. DATA BASE          387332647
